2020-01-13 16:43:21,108 INFO [root] [tools.py (get_token:12] - 正在提取token:eyJ0eXAiOiJKV1QiLCJhbGciOiJIUzI1NiJ9.eyJleHAiOjE1Nzg5MTIyOTksImFkbWluaXN0cmF0b3JfaWQiOjIsInJlZnJlc2giOmZhbHNlfQ.LNcASoJ-jjmFZohb3X1I-jRny5jjLz_Oj3tIHBnQ9ew
2020-01-13 16:43:21,108 INFO [root] [tools.py (get_token:15] - 合并的api.headers为{'Content-Type': 'application/json', 'Authorization': 'Bearer eyJ0eXAiOiJKV1QiLCJhbGciOiJIUzI1NiJ9.eyJleHAiOjE1Nzg5MTIyOTksImFkbWluaXN0cmF0b3JfaWQiOjIsInJlZnJlc2giOmZhbHNlfQ.LNcASoJ-jjmFZohb3X1I-jRny5jjLz_Oj3tIHBnQ9ew'}
2020-01-13 16:53:27,852 INFO [root] [api_mp.py (api_mp_login:19] - 正在调用自媒体登录接口，登录数据：{'mobile': '13812345678', 'code': '246810'} headers:{'Content-Type': 'application/json'}
2020-01-13 16:53:27,894 INFO [root] [tools.py (get_token:12] - 正在提取token:eyJ0eXAiOiJKV1QiLCJhbGciOiJIUzI1NiJ9.eyJleHAiOjE1Nzg5MTI5MDYsInVzZXJfaWQiOjEyMDY3NTU2NTMzNjA1NDk4ODgsInJlZnJlc2giOmZhbHNlLCJ2ZXJpZmllZCI6dHJ1ZX0.QkViDXrWPDxqjMI-2tZv-TpS_CK6rXToWIo83H6XT4M
2020-01-13 16:53:27,894 INFO [root] [tools.py (get_token:15] - 合并的api.headers为{'Content-Type': 'application/json', 'Authorization': 'Bearer eyJ0eXAiOiJKV1QiLCJhbGciOiJIUzI1NiJ9.eyJleHAiOjE1Nzg5MTI5MDYsInVzZXJfaWQiOjEyMDY3NTU2NTMzNjA1NDk4ODgsInJlZnJlc2giOmZhbHNlLCJ2ZXJpZmllZCI6dHJ1ZX0.QkViDXrWPDxqjMI-2tZv-TpS_CK6rXToWIo83H6XT4M'}
2020-01-13 16:53:27,900 INFO [root] [api_mp.py (api_mp_article:25] - 正在调用自媒体发布文章，发布数据为：{'title': 'bj-test17-inter001', 'content': '今天烤乳猪！', 'channel_id': '7', 'cover': {'type': 0, 'images': []}} 请求头为：{'Content-Type': 'application/json', 'Authorization': 'Bearer eyJ0eXAiOiJKV1QiLCJhbGciOiJIUzI1NiJ9.eyJleHAiOjE1Nzg5MTI5MDYsInVzZXJfaWQiOjEyMDY3NTU2NTMzNjA1NDk4ODgsInJlZnJlc2giOmZhbHNlLCJ2ZXJpZmllZCI6dHJ1ZX0.QkViDXrWPDxqjMI-2tZv-TpS_CK6rXToWIo83H6XT4M'}
2020-01-13 16:53:28,066 INFO [root] [tools.py (get_token:12] - 正在提取token:eyJ0eXAiOiJKV1QiLCJhbGciOiJIUzI1NiJ9.eyJleHAiOjE1Nzg5MTI5MDcsImFkbWluaXN0cmF0b3JfaWQiOjIsInJlZnJlc2giOmZhbHNlfQ._gzi218nhu9S3yD-6vZaYl5DjlmqQVltn6y1DD8bo1U
2020-01-13 16:53:28,066 INFO [root] [tools.py (get_token:15] - 合并的api.headers为{'Content-Type': 'application/json', 'Authorization': 'Bearer eyJ0eXAiOiJKV1QiLCJhbGciOiJIUzI1NiJ9.eyJleHAiOjE1Nzg5MTI5MDcsImFkbWluaXN0cmF0b3JfaWQiOjIsInJlZnJlc2giOmZhbHNlfQ._gzi218nhu9S3yD-6vZaYl5DjlmqQVltn6y1DD8bo1U'}
2020-01-13 18:04:36,181 INFO [root] [api_mp.py (api_mp_login:19] - 正在调用自媒体登录接口，登录数据：{'mobile': '13812345678', 'code': '246810'} headers:{'Content-Type': 'application/json'}
2020-01-13 18:04:36,310 INFO [root] [tools.py (get_token:12] - 正在提取token:eyJ0eXAiOiJKV1QiLCJhbGciOiJIUzI1NiJ9.eyJleHAiOjE1Nzg5MTcxNzUsInVzZXJfaWQiOjEyMDY3NTU2NTMzNjA1NDk4ODgsInJlZnJlc2giOmZhbHNlLCJ2ZXJpZmllZCI6dHJ1ZX0.hfD7z93QG50ddarnVxlCb8yYVeNzvuwe3ffrNcw2X9s
2020-01-13 18:04:36,310 INFO [root] [tools.py (get_token:15] - 合并的api.headers为{'Content-Type': 'application/json', 'Authorization': 'Bearer eyJ0eXAiOiJKV1QiLCJhbGciOiJIUzI1NiJ9.eyJleHAiOjE1Nzg5MTcxNzUsInVzZXJfaWQiOjEyMDY3NTU2NTMzNjA1NDk4ODgsInJlZnJlc2giOmZhbHNlLCJ2ZXJpZmllZCI6dHJ1ZX0.hfD7z93QG50ddarnVxlCb8yYVeNzvuwe3ffrNcw2X9s'}
2020-01-13 18:04:36,316 INFO [root] [api_mp.py (api_mp_article:25] - 正在调用自媒体发布文章，发布数据为：{'title': 'bj-test17-inter001', 'content': '今天烤乳猪！', 'channel_id': '7', 'cover': {'type': 0, 'images': []}} 请求头为：{'Content-Type': 'application/json', 'Authorization': 'Bearer eyJ0eXAiOiJKV1QiLCJhbGciOiJIUzI1NiJ9.eyJleHAiOjE1Nzg5MTcxNzUsInVzZXJfaWQiOjEyMDY3NTU2NTMzNjA1NDk4ODgsInJlZnJlc2giOmZhbHNlLCJ2ZXJpZmllZCI6dHJ1ZX0.hfD7z93QG50ddarnVxlCb8yYVeNzvuwe3ffrNcw2X9s'}
2020-01-13 18:04:36,486 INFO [root] [tools.py (get_token:12] - 正在提取token:eyJ0eXAiOiJKV1QiLCJhbGciOiJIUzI1NiJ9.eyJleHAiOjE1Nzg5MTcxNzYsImFkbWluaXN0cmF0b3JfaWQiOjIsInJlZnJlc2giOmZhbHNlfQ.iJ1IK6Zcu3OVLBzpP_CiZS_EoKIpvFgFAJmvBKTSejg
2020-01-13 18:04:36,486 INFO [root] [tools.py (get_token:15] - 合并的api.headers为{'Content-Type': 'application/json', 'Authorization': 'Bearer eyJ0eXAiOiJKV1QiLCJhbGciOiJIUzI1NiJ9.eyJleHAiOjE1Nzg5MTcxNzYsImFkbWluaXN0cmF0b3JfaWQiOjIsInJlZnJlc2giOmZhbHNlfQ.iJ1IK6Zcu3OVLBzpP_CiZS_EoKIpvFgFAJmvBKTSejg'}
2020-01-13 18:04:37,259 ERROR [root] [tools.py (assert_common:27] - 
2020-01-13 18:07:03,029 INFO [root] [api_mp.py (api_mp_login:19] - 正在调用自媒体登录接口，登录数据：{'mobile': '13812345678', 'code': '246810'} headers:{'Content-Type': 'application/json'}
2020-01-13 18:07:03,061 INFO [root] [tools.py (get_token:12] - 正在提取token:eyJ0eXAiOiJKV1QiLCJhbGciOiJIUzI1NiJ9.eyJleHAiOjE1Nzg5MTczMjIsInVzZXJfaWQiOjEyMDY3NTU2NTMzNjA1NDk4ODgsInJlZnJlc2giOmZhbHNlLCJ2ZXJpZmllZCI6dHJ1ZX0.mZ2O56XgI41W2hdOV_OVHOMwjpYPORGo_VUqSoEE9k4
2020-01-13 18:07:03,061 INFO [root] [tools.py (get_token:15] - 合并的api.headers为{'Content-Type': 'application/json', 'Authorization': 'Bearer eyJ0eXAiOiJKV1QiLCJhbGciOiJIUzI1NiJ9.eyJleHAiOjE1Nzg5MTczMjIsInVzZXJfaWQiOjEyMDY3NTU2NTMzNjA1NDk4ODgsInJlZnJlc2giOmZhbHNlLCJ2ZXJpZmllZCI6dHJ1ZX0.mZ2O56XgI41W2hdOV_OVHOMwjpYPORGo_VUqSoEE9k4'}
2020-01-13 18:07:03,067 INFO [root] [api_mp.py (api_mp_article:25] - 正在调用自媒体发布文章，发布数据为：{'title': 'bj-test17-inter001', 'content': '今天烤乳猪！', 'channel_id': '7', 'cover': {'type': 0, 'images': []}} 请求头为：{'Content-Type': 'application/json', 'Authorization': 'Bearer eyJ0eXAiOiJKV1QiLCJhbGciOiJIUzI1NiJ9.eyJleHAiOjE1Nzg5MTczMjIsInVzZXJfaWQiOjEyMDY3NTU2NTMzNjA1NDk4ODgsInJlZnJlc2giOmZhbHNlLCJ2ZXJpZmllZCI6dHJ1ZX0.mZ2O56XgI41W2hdOV_OVHOMwjpYPORGo_VUqSoEE9k4'}
2020-01-13 18:07:03,240 INFO [root] [tools.py (get_token:12] - 正在提取token:eyJ0eXAiOiJKV1QiLCJhbGciOiJIUzI1NiJ9.eyJleHAiOjE1Nzg5MTczMjIsImFkbWluaXN0cmF0b3JfaWQiOjIsInJlZnJlc2giOmZhbHNlfQ.nTMB6J83FtOLhom0bKRo_ZF8_glT4PLvpSQC6HblYes
2020-01-13 18:07:03,240 INFO [root] [tools.py (get_token:15] - 合并的api.headers为{'Content-Type': 'application/json', 'Authorization': 'Bearer eyJ0eXAiOiJKV1QiLCJhbGciOiJIUzI1NiJ9.eyJleHAiOjE1Nzg5MTczMjIsImFkbWluaXN0cmF0b3JfaWQiOjIsInJlZnJlc2giOmZhbHNlfQ.nTMB6J83FtOLhom0bKRo_ZF8_glT4PLvpSQC6HblYes'}
2020-01-13 18:07:04,038 INFO [root] [tools.py (get_token:12] - 正在提取token:eyJ0eXAiOiJKV1QiLCJhbGciOiJIUzI1NiJ9.eyJleHAiOjE1Nzg5MTczMjQsInVzZXJfaWQiOjEyMDY3NTU2NTMzNjA1NDk4ODgsInJlZnJlc2giOmZhbHNlfQ.GBY_THpMsO3thf4H9x2uPNiMkslvDbpWSsfLx-0levI
2020-01-13 18:07:04,038 INFO [root] [tools.py (get_token:15] - 合并的api.headers为{'Content-Type': 'application/json', 'Authorization': 'Bearer eyJ0eXAiOiJKV1QiLCJhbGciOiJIUzI1NiJ9.eyJleHAiOjE1Nzg5MTczMjQsInVzZXJfaWQiOjEyMDY3NTU2NTMzNjA1NDk4ODgsInJlZnJlc2giOmZhbHNlfQ.GBY_THpMsO3thf4H9x2uPNiMkslvDbpWSsfLx-0levI'}
